Determining if the pthread_create exist failed with the following output:
Change Dir: /home/tony/husky/catkin_ms/build/CMakeFiles/CMakeTmp

Run Build Command:"/usr/bin/make" "cmTC_92110/fast"
/usr/bin/make -f CMakeFiles/cmTC_92110.dir/build.make CMakeFiles/cmTC_92110.dir/build
make[1]: Entering directory '/home/tony/husky/catkin_ms/build/CMakeFiles/CMakeTmp'
Building C object CMakeFiles/cmTC_92110.dir/CheckSymbolExists.c.o
/usr/bin/cc     -o CMakeFiles/cmTC_92110.dir/CheckSymbolExists.c.o   -c /home/tony/husky/catkin_ms/build/CMakeFiles/CMakeTmp/CheckSymbolExists.c
Linking C executable cmTC_92110
/usr/bin/cmake -E cmake_link_script CMakeFiles/cmTC_92110.dir/link.txt --verbose=1
/usr/bin/cc       CMakeFiles/cmTC_92110.dir/CheckSymbolExists.c.o  -o cmTC_92110 -rdynamic 
CMakeFiles/cmTC_92110.dir/CheckSymbolExists.c.o: In function `main':
CheckSymbolExists.c:(.text+0x16): undefined reference to `pthread_create'
collect2: error: ld returned 1 exit status
CMakeFiles/cmTC_92110.dir/build.make:97: recipe for target 'cmTC_92110' failed
make[1]: *** [cmTC_92110] Error 1
make[1]: Leaving directory '/home/tony/husky/catkin_ms/build/CMakeFiles/CMakeTmp'
Makefile:126: recipe for target 'cmTC_92110/fast' failed
make: *** [cmTC_92110/fast] Error 2

File /home/tony/husky/catkin_ms/build/CMakeFiles/CMakeTmp/CheckSymbolExists.c:
/* */
#include <pthread.h>

int main(int argc, char** argv)
{
  (void)argv;
#ifndef pthread_create
  return ((int*)(&pthread_create))[argc];
#else
  (void)argc;
  return 0;
#endif
}

Determining if the function pthread_create exists in the pthreads failed with the following output:
Change Dir: /home/tony/husky/catkin_ms/build/CMakeFiles/CMakeTmp

Run Build Command:"/usr/bin/make" "cmTC_dbee8/fast"
/usr/bin/make -f CMakeFiles/cmTC_dbee8.dir/build.make CMakeFiles/cmTC_dbee8.dir/build
make[1]: Entering directory '/home/tony/husky/catkin_ms/build/CMakeFiles/CMakeTmp'
Building C object CMakeFiles/cmTC_dbee8.dir/CheckFunctionExists.c.o
/usr/bin/cc    -DCHECK_FUNCTION_EXISTS=pthread_create   -o CMakeFiles/cmTC_dbee8.dir/CheckFunctionExists.c.o   -c /usr/share/cmake-3.5/Modules/CheckFunctionExists.c
Linking C executable cmTC_dbee8
/usr/bin/cmake -E cmake_link_script CMakeFiles/cmTC_dbee8.dir/link.txt --verbose=1
/usr/bin/cc   -DCHECK_FUNCTION_EXISTS=pthread_create    CMakeFiles/cmTC_dbee8.dir/CheckFunctionExists.c.o  -o cmTC_dbee8 -rdynamic -lpthreads 
/usr/bin/ld: cannot find -lpthreads
collect2: error: ld returned 1 exit status
CMakeFiles/cmTC_dbee8.dir/build.make:97: recipe for target 'cmTC_dbee8' failed
make[1]: *** [cmTC_dbee8] Error 1
make[1]: Leaving directory '/home/tony/husky/catkin_ms/build/CMakeFiles/CMakeTmp'
Makefile:126: recipe for target 'cmTC_dbee8/fast' failed
make: *** [cmTC_dbee8/fast] Error 2


Determining if the pthread_create exist failed with the following output:
Change Dir: /home/tony/ugv/catkin_ws/build/CMakeFiles/CMakeTmp

Run Build Command:"/usr/bin/make" "cmTC_a7abd/fast"
/usr/bin/make -f CMakeFiles/cmTC_a7abd.dir/build.make CMakeFiles/cmTC_a7abd.dir/build
make[1]: Entering directory '/home/tony/ugv/catkin_ws/build/CMakeFiles/CMakeTmp'
Building C object CMakeFiles/cmTC_a7abd.dir/CheckSymbolExists.c.o
/usr/bin/cc     -o CMakeFiles/cmTC_a7abd.dir/CheckSymbolExists.c.o   -c /home/tony/ugv/catkin_ws/build/CMakeFiles/CMakeTmp/CheckSymbolExists.c
Linking C executable cmTC_a7abd
/usr/bin/cmake -E cmake_link_script CMakeFiles/cmTC_a7abd.dir/link.txt --verbose=1
/usr/bin/cc       CMakeFiles/cmTC_a7abd.dir/CheckSymbolExists.c.o  -o cmTC_a7abd -rdynamic 
CMakeFiles/cmTC_a7abd.dir/CheckSymbolExists.c.o: In function `main':
CheckSymbolExists.c:(.text+0x16): undefined reference to `pthread_create'
collect2: error: ld returned 1 exit status
CMakeFiles/cmTC_a7abd.dir/build.make:97: recipe for target 'cmTC_a7abd' failed
make[1]: *** [cmTC_a7abd] Error 1
make[1]: Leaving directory '/home/tony/ugv/catkin_ws/build/CMakeFiles/CMakeTmp'
Makefile:126: recipe for target 'cmTC_a7abd/fast' failed
make: *** [cmTC_a7abd/fast] Error 2

File /home/tony/ugv/catkin_ws/build/CMakeFiles/CMakeTmp/CheckSymbolExists.c:
/* */
#include <pthread.h>

int main(int argc, char** argv)
{
  (void)argv;
#ifndef pthread_create
  return ((int*)(&pthread_create))[argc];
#else
  (void)argc;
  return 0;
#endif
}

Determining if the function pthread_create exists in the pthreads failed with the following output:
Change Dir: /home/tony/ugv/catkin_ws/build/CMakeFiles/CMakeTmp

Run Build Command:"/usr/bin/make" "cmTC_bb1f4/fast"
/usr/bin/make -f CMakeFiles/cmTC_bb1f4.dir/build.make CMakeFiles/cmTC_bb1f4.dir/build
make[1]: Entering directory '/home/tony/ugv/catkin_ws/build/CMakeFiles/CMakeTmp'
Building C object CMakeFiles/cmTC_bb1f4.dir/CheckFunctionExists.c.o
/usr/bin/cc    -DCHECK_FUNCTION_EXISTS=pthread_create   -o CMakeFiles/cmTC_bb1f4.dir/CheckFunctionExists.c.o   -c /usr/share/cmake-3.5/Modules/CheckFunctionExists.c
Linking C executable cmTC_bb1f4
/usr/bin/cmake -E cmake_link_script CMakeFiles/cmTC_bb1f4.dir/link.txt --verbose=1
/usr/bin/cc   -DCHECK_FUNCTION_EXISTS=pthread_create    CMakeFiles/cmTC_bb1f4.dir/CheckFunctionExists.c.o  -o cmTC_bb1f4 -rdynamic -lpthreads 
/usr/bin/ld: cannot find -lpthreads
collect2: error: ld returned 1 exit status
CMakeFiles/cmTC_bb1f4.dir/build.make:97: recipe for target 'cmTC_bb1f4' failed
make[1]: *** [cmTC_bb1f4] Error 1
make[1]: Leaving directory '/home/tony/ugv/catkin_ws/build/CMakeFiles/CMakeTmp'
Makefile:126: recipe for target 'cmTC_bb1f4/fast' failed
make: *** [cmTC_bb1f4/fast] Error 2


